{
  "RSpec": {
    "coverage": {
      "/home/sebastian/Rails-Pipeline/Mallorca_Planner/spec/controllers/reservations_controller_spec.rb": [
        1,
        null,
        null,
        1,
        null,
        null,
        null,
        1,
        null,
        4,
        null,
        null,
        1,
        1,
        null,
        1,
        1,
        null,
        1,
        null,
        null,
        null,
        1,
        1,
        null,
        null,
        1,
        1,
        null,
        1,
        null,
        null,
        null,
        null,
        1,
        1,
        null,
        1,
        1,
        null,
        1,
        null,
        null,
        null,
        null,
        1,
        1,
        1,
        1,
        null,
        1,
        null,
        null,
        null,
        null,
        null,
        null,
        null,
        1,
        null,
        1,
        null,
        null,
        null,
        null
      ],
      "/home/sebastian/Rails-Pipeline/Mallorca_Planner/spec/rails_helper.rb": [
        null,
        1,
        1,
        1,
        null,
        1,
        1,
        1,
        null,
        null,
        null,
        null,
        null,
        null,
        null,
        null,
        null,
        null,
        null,
        null,
        null,
        null,
        null,
        null,
        null,
        2,
        null,
        null,
        null,
        1,
        null,
        1,
        null,
        1,
        null,
        null,
        null,
        null,
        1,
        null,
        1,
        1,
        0,
        null,
        null,
        null,
        null,
        null,
        null,
        null,
        null,
        null,
        1,
        null,
        null,
        1,
        16,
        null,
        null,
        1,
        null,
        null,
        6,
        null,
        6,
        null,
        null,
        null,
        2,
        null,
        null,
        null,
        1,
        16,
        null,
        null,
        1,
        16,
        null,
        null,
        1,
        1,
        1,
        null,
        null,
        null,
        null,
        null,
        null,
        null,
        null,
        null,
        null,
        null,
        null,
        null,
        null,
        1,
        null,
        null,
        1,
        null,
        null,
        null
      ],
      "/home/sebastian/Rails-Pipeline/Mallorca_Planner/config/environment.rb": [
        null,
        1,
        null,
        null,
        1
      ],
      "/home/sebastian/Rails-Pipeline/Mallorca_Planner/config/application.rb": [
        1,
        null,
        1,
        null,
        null,
        null,
        1,
        null,
        1,
        1,
        null,
        1,
        1,
        null,
        1,
        1,
        1,
        1,
        1,
        null,
        0,
        null,
        null,
        null,
        null,
        null,
        null,
        null,
        null,
        null
      ],
      "/home/sebastian/Rails-Pipeline/Mallorca_Planner/config/boot.rb": [
        1,
        null,
        1
      ],
      "/home/sebastian/Rails-Pipeline/Mallorca_Planner/config/environments/test.rb": [
        1,
        null,
        null,
        null,
        null,
        null,
        null,
        1,
        null,
        null,
        null,
        null,
        1,
        null,
        null,
        1,
        1,
        null,
        null,
        null,
        null,
        1,
        1,
        null,
        null,
        1,
        null,
        null,
        1,
        1,
        null,
        null,
        null,
        null,
        1,
        null,
        null,
        1,
        null,
        null,
        null,
        null
      ],
      "/home/sebastian/Rails-Pipeline/Mallorca_Planner/config/initializers/application_controller_renderer.rb": [
        null,
        null,
        null,
        null,
        null,
        null,
        null,
        null
      ],
      "/home/sebastian/Rails-Pipeline/Mallorca_Planner/config/initializers/assets.rb": [
        null,
        null,
        null,
        1,
        null,
        null,
        null,
        null,
        1,
        null,
        null,
        null,
        null,
        null
      ],
      "/home/sebastian/Rails-Pipeline/Mallorca_Planner/config/initializers/backtrace_silencers.rb": [
        null,
        null,
        null,
        null,
        null,
        null,
        null
      ],
      "/home/sebastian/Rails-Pipeline/Mallorca_Planner/config/initializers/carrier_wave.rb": [
        1
      ],
      "/home/sebastian/Rails-Pipeline/Mallorca_Planner/config/initializers/client_side_validations.rb": [
        null,
        null,
        null,
        null,
        null,
        null,
        null,
        null,
        null,
        null,
        null,
        null,
        null,
        null,
        null,
        null,
        null,
        null,
        null,
        null,
        null
      ],
      "/home/sebastian/Rails-Pipeline/Mallorca_Planner/config/initializers/cookies_serializer.rb": [
        null,
        null,
        null,
        null,
        1
      ],
      "/home/sebastian/Rails-Pipeline/Mallorca_Planner/config/initializers/devise.rb": [
        null,
        null,
        1,
        null,
        null,
        null,
        null,
        null,
        null,
        null,
        null,
        null,
        null,
        null,
        1,
        null,
        null,
        null,
        null,
        null,
        null,
        null,
        null,
        null,
        null,
        null,
        1,
        null,
        null,
        null,
        null,
        null,
        null,
        null,
        null,
        null,
        null,
        null,
        null,
        null,
        null,
        null,
        null,
        null,
        null,
        null,
        null,
        null,
        1,
        null,
        null,
        null,
        null,
        1,
        null,
        null,
        null,
        null,
        null,
        null,
        null,
        null,
        null,
        null,
        null,
        null,
        null,
        null,
        null,
        null,
        null,
        null,
        null,
        null,
        null,
        null,
        null,
        null,
        null,
        null,
        null,
        null,
        null,
        null,
        1,
        null,
        null,
        null,
        null,
        null,
        null,
        null,
        null,
        null,
        null,
        null,
        null,
        null,
        null,
        null,
        null,
        null,
        null,
        null,
        null,
        null,
        null,
        1,
        null,
        null,
        null,
        null,
        null,
        null,
        null,
        null,
        null,
        null,
        null,
        null,
        null,
        null,
        null,
        null,
        null,
        null,
        null,
        null,
        null,
        null,
        null,
        null,
        null,
        null,
        null,
        null,
        null,
        null,
        1,
        null,
        null,
        null,
        null,
        null,
        null,
        null,
        null,
        null,
        1,
        null,
        null,
        null,
        null,
        null,
        null,
        null,
        null,
        null,
        null,
        1,
        null,
        null,
        null,
        null,
        1,
        null,
        null,
        null,
        null,
        null,
        null,
        null,
        null,
        null,
        null,
        null,
        null,
        null,
        null,
        null,
        null,
        null,
        null,
        null,
        null,
        null,
        null,
        null,
        null,
        null,
        null,
        null,
        null,
        null,
        null,
        null,
        null,
        null,
        null,
        null,
        null,
        null,
        null,
        null,
        null,
        1,
        null,
        null,
        null,
        null,
        null,
        null,
        null,
        null,
        null,
        null,
        null,
        null,
        null,
        null,
        null,
        null,
        null,
        null,
        null,
        null,
        null,
        null,
        null,
        null,
        null,
        null,
        null,
        null,
        null,
        null,
        null,
        null,
        null,
        null,
        null,
        null,
        null,
        null,
        null,
        null,
        null,
        1,
        null,
        null,
        null,
        null,
        null,
        null,
        null,
        null,
        null,
        null,
        null,
        null,
        null,
        null,
        null,
        null,
        null,
        null,
        null,
        null,
        null,
        null,
        null,
        null,
        null,
        null,
        null,
        null,
        1,
        null,
        null
      ],
      "/home/sebastian/Rails-Pipeline/Mallorca_Planner/config/initializers/filter_parameter_logging.rb": [
        null,
        null,
        null,
        1
      ],
      "/home/sebastian/Rails-Pipeline/Mallorca_Planner/config/initializers/inflections.rb": [
        null,
        null,
        null,
        null,
        null,
        null,
        null,
        null,
        null,
        null,
        null,
        null,
        null,
        null,
        null,
        null
      ],
      "/home/sebastian/Rails-Pipeline/Mallorca_Planner/config/initializers/mime_types.rb": [
        null,
        null,
        null,
        null
      ],
      "/home/sebastian/Rails-Pipeline/Mallorca_Planner/config/initializers/storage.rb": [
        1,
        1,
        1,
        1,
        null,
        null,
        null,
        0,
        0,
        0,
        null,
        null,
        null,
        null,
        null,
        0,
        0,
        0,
        null,
        null
      ],
      "/home/sebastian/Rails-Pipeline/Mallorca_Planner/config/initializers/wrap_parameters.rb": [
        null,
        null,
        null,
        null,
        null,
        null,
        1,
        2,
        null,
        null,
        null,
        null,
        null,
        null
      ],
      "/home/sebastian/Rails-Pipeline/Mallorca_Planner/spec/factories/reservations.rb": [
        1,
        null,
        1,
        1,
        1,
        1,
        1,
        1,
        null,
        null,
        null
      ],
      "/home/sebastian/Rails-Pipeline/Mallorca_Planner/spec/factories/users.rb": [
        1,
        null,
        1,
        null,
        1,
        null,
        1,
        1,
        1,
        13,
        1,
        1,
        null,
        1,
        1,
        3,
        null,
        null,
        null,
        null,
        null,
        null,
        1,
        1,
        1,
        1,
        1,
        1,
        1,
        null,
        null,
        null
      ],
      "/home/sebastian/Rails-Pipeline/Mallorca_Planner/app/models/user.rb": [
        1,
        null,
        null,
        1,
        null,
        1,
        null,
        1,
        null,
        null,
        1,
        1,
        1,
        1,
        1,
        null
      ],
      "/home/sebastian/Rails-Pipeline/Mallorca_Planner/app/models/application_record.rb": [
        1,
        1,
        null
      ],
      "/home/sebastian/Rails-Pipeline/Mallorca_Planner/app/uploaders/avatar_uploader.rb": [
        1,
        null,
        null,
        null,
        null,
        null,
        null,
        1,
        null,
        null,
        null,
        1,
        20,
        null,
        null,
        null,
        null,
        null,
        null,
        null,
        null,
        null,
        null,
        null,
        null,
        null,
        null,
        null,
        null,
        null,
        null,
        null,
        null,
        null,
        null,
        null,
        null,
        1,
        28,
        null,
        null,
        null,
        null,
        null,
        null,
        null,
        null,
        null
      ],
      "/home/sebastian/Rails-Pipeline/Mallorca_Planner/config/routes.rb": [
        1,
        null,
        1,
        null,
        1,
        null,
        null,
        1,
        1,
        1,
        null,
        null,
        null,
        null,
        null
      ],
      "/home/sebastian/Rails-Pipeline/Mallorca_Planner/app/helpers/application_helper.rb": [
        1,
        1,
        null
      ],
      "/home/sebastian/Rails-Pipeline/Mallorca_Planner/app/helpers/devise_helper.rb": [
        1,
        1,
        6,
        null,
        2,
        1,
        null,
        null,
        null,
        1,
        null,
        null,
        null,
        null,
        null,
        null,
        null,
        null,
        null,
        null,
        null,
        null,
        null,
        null,
        1,
        null,
        null,
        1,
        6,
        null,
        null,
        null
      ],
      "/home/sebastian/Rails-Pipeline/Mallorca_Planner/app/helpers/reservations_helper.rb": [
        1,
        null
      ],
      "/home/sebastian/Rails-Pipeline/Mallorca_Planner/app/helpers/welcome_helper.rb": [
        1,
        null
      ],
      "/home/sebastian/Rails-Pipeline/Mallorca_Planner/spec/support/factory_bot.rb": [
        1,
        1,
        null
      ],
      "/home/sebastian/Rails-Pipeline/Mallorca_Planner/app/controllers/reservations_controller.rb": [
        1,
        1,
        1,
        1,
        null,
        null,
        null,
        1,
        3,
        null,
        null,
        null,
        null,
        1,
        null,
        null,
        null,
        1,
        2,
        null,
        null,
        null,
        1,
        null,
        null,
        null,
        null,
        1,
        1,
        1,
        null,
        null,
        1,
        1,
        2,
        1,
        null,
        0,
        0,
        null,
        null,
        null,
        null,
        null,
        null,
        1,
        0,
        0,
        0,
        0,
        null,
        0,
        0,
        null,
        null,
        null,
        null,
        null,
        null,
        1,
        0,
        0,
        0,
        0,
        null,
        null,
        null,
        1,
        1,
        null,
        null,
        null,
        null,
        1,
        null,
        1,
        1,
        null,
        null,
        null,
        1,
        1,
        null,
        null
      ],
      "/home/sebastian/Rails-Pipeline/Mallorca_Planner/app/controllers/application_controller.rb": [
        1,
        1,
        1,
        null,
        null,
        null,
        1,
        null,
        1,
        9,
        9,
        null,
        null,
        null
      ],
      "/home/sebastian/Rails-Pipeline/Mallorca_Planner/spec/controllers/welcome_controller_spec.rb": [
        1,
        null,
        1,
        null,
        1,
        null,
        1,
        1,
        1,
        null,
        1,
        null,
        null,
        null,
        null,
        null,
        null
      ],
      "/home/sebastian/Rails-Pipeline/Mallorca_Planner/app/controllers/welcome_controller.rb": [
        1,
        1,
        null,
        null
      ],
      "/home/sebastian/Rails-Pipeline/Mallorca_Planner/spec/features/new_reservation_spec.rb": [
        1,
        null,
        1,
        null,
        1,
        2,
        2,
        null,
        null,
        1,
        null,
        1,
        1,
        null,
        1,
        null,
        null,
        1,
        null,
        1,
        null,
        1,
        1,
        1,
        1,
        null,
        null,
        1,
        null,
        null,
        1,
        null,
        null,
        null
      ],
      "/home/sebastian/Rails-Pipeline/Mallorca_Planner/spec/features/reservations_spec.rb": [
        1,
        null,
        1,
        null,
        1,
        null,
        null
      ],
      "/home/sebastian/Rails-Pipeline/Mallorca_Planner/spec/features/users_spec.rb": [
        1,
        null,
        1,
        null,
        1,
        null,
        1,
        2,
        2,
        2,
        2,
        2,
        2,
        2,
        null,
        null,
        null,
        null,
        1,
        null,
        1,
        1,
        null,
        null,
        1,
        null,
        1,
        null,
        null,
        1,
        null,
        1,
        null,
        1,
        null,
        null,
        null,
        null,
        1,
        null,
        1,
        1,
        1,
        null,
        null,
        1,
        null,
        null,
        1,
        null,
        1,
        1,
        1,
        1,
        null,
        null,
        1,
        1,
        1,
        null,
        null,
        null,
        null,
        1,
        null,
        1,
        1,
        1,
        null,
        null,
        1,
        null,
        null,
        1,
        null,
        1,
        1,
        null,
        null,
        1,
        null,
        null,
        null,
        null,
        null,
        null,
        null
      ],
      "/home/sebastian/Rails-Pipeline/Mallorca_Planner/spec/models/reservation_spec.rb": [
        1,
        null,
        1,
        6,
        null,
        1,
        1,
        1,
        null,
        1,
        null,
        null,
        1,
        1,
        null,
        1,
        null,
        null,
        1,
        1,
        null,
        1,
        null,
        null,
        1,
        1,
        null,
        1,
        null,
        null,
        1,
        null,
        1,
        null,
        null,
        null
      ],
      "/home/sebastian/Rails-Pipeline/Mallorca_Planner/app/models/reservation.rb": [
        1,
        1,
        null,
        1,
        1,
        1,
        1,
        1,
        null,
        1,
        14,
        null,
        12,
        1,
        null,
        null,
        null,
        1,
        0,
        null,
        null,
        1,
        0,
        null,
        null,
        null
      ],
      "/home/sebastian/Rails-Pipeline/Mallorca_Planner/spec/models/user_spec.rb": [
        1,
        null,
        1,
        1,
        null
      ],
      "/home/sebastian/Rails-Pipeline/Mallorca_Planner/app/controllers/users/registrations_controller.rb": [
        1,
        null,
        null,
        null,
        null,
        null,
        null,
        null,
        null,
        null,
        null,
        null,
        null,
        null,
        null,
        null,
        null,
        null,
        null,
        null,
        null,
        null,
        null,
        null,
        null,
        null,
        null,
        null,
        null,
        null,
        null,
        null,
        null,
        null,
        null,
        null,
        null,
        null,
        null,
        null,
        null,
        null,
        null,
        null,
        null,
        null,
        null,
        null,
        null,
        null,
        null,
        1,
        1,
        null,
        null,
        null,
        1,
        1,
        null,
        null,
        null,
        null,
        null,
        null,
        null
      ]
    },
    "timestamp": 1515088513
  }
}
